"../../../Engine/Content/Functions/Engine_MaterialFunctions01/Opacity/CameraDepthFade.uasset" 0
"../../../Engine/Content/EngineMaterials/T_Default_Material_Grid_M.uasset" 1
"../../../Engine/Content/EngineMaterials/T_Default_Material_Grid_N.uasset" 2
"../../../Engine/Content/EngineMaterials/DefaultMaterial.uasset" 3
"../../../Engine/Content/BasicShapes/Cone.uasset" 4
"../../../Engine/Content/EngineMaterials/WorldGridMaterial.uasset" 5
"../../../Engine/Content/BasicShapes/Cube.uasset" 6
"../../../Engine/Content/BasicShapes/Cylinder.uasset" 7
"../../../Engine/Content/BasicShapes/Plane.uasset" 8
"../../../Engine/Content/EditorLandscapeResources/DataLayer.uasset" 9
"../../../Engine/Content/EditorMaterials/GizmoMaterial.uasset" 10
"../../../Engine/Content/EditorMaterials/MAT_Groups_Toggle.uasset" 11
"../../../Engine/Content/EditorMaterials/MAT_Groups_Visibility.uasset" 12
"../../../Engine/Content/EditorMaterials/PreviewShadowIndicator.uasset" 13
"../../../Engine/Content/EditorMaterials/PreviewShadowIndicatorMaterial.uasset" 14
"../../../Engine/Content/EditorMaterials/AssetViewer/EpicQuadPanorama_CC+EV1.uasset" 15
"../../../Engine/Content/EditorMaterials/MatineeGroups/MAT_ColorTrack.uasset" 16
"../../../Engine/Content/EditorMaterials/MatineeGroups/MAT_Groups_Anim.uasset" 17
"../../../Engine/Content/EditorMaterials/MatineeGroups/MAT_Groups_AudioMaster.uasset" 18
"../../../Engine/Content/EditorMaterials/MatineeGroups/MAT_Groups_Director.uasset" 19
"../../../Engine/Content/EditorMaterials/MatineeGroups/MAT_Groups_Event.uasset" 20
"../../../Engine/Content/EditorMaterials/MatineeGroups/MAT_Groups_Fade.uasset" 21
"../../../Engine/Content/EditorMaterials/MatineeGroups/MAT_Groups_Float.uasset" 22
"../../../Engine/Content/EditorMaterials/MatineeGroups/MAT_Groups_Move.uasset" 23
"../../../Engine/Content/EditorMaterials/MatineeGroups/MAT_Groups_Slomo.uasset" 24
"../../../Engine/Content/EditorMaterials/MatineeGroups/MAT_Groups_Sound.uasset" 25
"../../../Engine/Content/EditorMaterials/MatineeGroups/MAT_Groups_Vector.uasset" 26
"../../../Engine/Content/EditorMaterials/ParticleSystems/PSysThumbnail_NoImage.uasset" 27
"../../../Engine/Content/EditorMaterials/ParticleSystems/PSysThumbnail_OOD.uasset" 28
"../../../Engine/Content/EditorMaterials/Camera/CineMat.uasset" 29
"../../../Engine/Content/EditorMaterials/Camera/MI_CineMat_Rig.uasset" 30
"../../../Engine/Content/EditorMeshes/Camera/SM_CraneRig_Arm.uasset" 31
"../../../Engine/Content/EditorMeshes/Camera/SM_CraneRig_Base.uasset" 32
"../../../Engine/Content/EditorMeshes/Camera/SM_CraneRig_Body.uasset" 33
"../../../Engine/Content/EditorMeshes/Camera/SM_CraneRig_Mount.uasset" 34
"../../../Engine/Content/EditorMeshes/Camera/SM_RailRig_Mount.uasset" 35
"../../../Engine/Content/EditorMeshes/Camera/SM_RailRig_Track.uasset" 36
"../../../Engine/Content/EditorMeshes/ColorCalibrator/M_ChromeBall.uasset" 37
"../../../Engine/Content/EditorMeshes/ColorCalibrator/M_ClearCoat.uasset" 38
"../../../Engine/Content/EditorMeshes/ColorCalibrator/M_ClearCoatBlack.uasset" 39
"../../../Engine/Content/EditorMeshes/ColorCalibrator/T_ColorGrid.uasset" 40
"../../../Engine/Content/EditorMeshes/ColorCalibrator/M_ColorGrid.uasset" 41
"../../../Engine/Content/EditorMeshes/ColorCalibrator/M_GreyBall.uasset" 42
"../../../Engine/Content/EditorMeshes/ColorCalibrator/SM_ColorCalibrator.uasset" 43
"../../../Engine/Content/EditorResources/BSPVertex.uasset" 44
"../../../Engine/Content/EditorResources/EmptyActor.uasset" 45
"../../../Engine/Content/EditorResources/RGBTable16x1_AssetViewer.uasset" 46
"../../../Engine/Content/EditorResources/S_Actor.uasset" 47
"../../../Engine/Content/EditorResources/S_Trigger.uasset" 48
"../../../Engine/Content/EditorResources/AudioIcons/S_AudioComponent_AutoActivate.uasset" 49
"../../../Engine/Content/EditorResources/SequenceRecorder/Countdown.uasset" 50
"../../../Engine/Content/EditorResources/SequenceRecorder/RecordingIndicator.uasset" 51
"../../../Engine/Content/EditorSounds/Notifications/CompileFailed.uasset" 52
"../../../Engine/Content/EditorSounds/Notifications/CompileFailed_Cue.uasset" 53
"../../../Engine/Content/EditorSounds/Notifications/CompileSuccess.uasset" 54
"../../../Engine/Content/EditorSounds/Notifications/CompileStart_Cue.uasset" 55
"../../../Engine/Content/EditorSounds/Notifications/CompileSuccess_Cue.uasset" 56
"../../../Engine/Content/EngineDamageTypes/DmgTypeBP_Environmental.uasset" 57
"../../../Engine/Content/EngineDebugMaterials/HeatmapGradient.uasset" 58
"../../../Engine/Content/EngineDebugMaterials/BoneWeightMaterial.uasset" 59
"../../../Engine/Content/EngineDebugMaterials/DebugMeshMaterial.uasset" 60
"../../../Engine/Content/EngineDebugMaterials/GeomMaterial.uasset" 61
"../../../Engine/Content/EngineFonts/Faces/RobotoBold.uasset" 62
"../../../Engine/Content/EngineFonts/Faces/RobotoBoldItalic.uasset" 63
"../../../Engine/Content/EngineFonts/Faces/RobotoItalic.uasset" 64
"../../../Engine/Content/EngineFonts/Faces/RobotoLight.uasset" 65
"../../../Engine/Content/EngineFonts/Faces/RobotoRegular.uasset" 66
"../../../Engine/Content/EngineFonts/Roboto.uasset" 67
"../../../Engine/Content/EngineFonts/Faces/RobotoTiny.uasset" 68
"../../../Engine/Content/EngineFonts/RobotoTiny.uasset" 69
"../../../Engine/Content/EngineMaterials/DefaultBokeh.uasset" 70
"../../../Engine/Content/EngineMaterials/DefaultDiffuse.uasset" 71
"../../../Engine/Content/EngineMaterials/DefaultDeferredDecalMaterial.uasset" 72
"../../../Engine/Content/EngineMaterials/DefaultLightFunctionMaterial.uasset" 73
"../../../Engine/Content/EngineMaterials/DefaultPhysicalMaterial.uasset" 74
"../../../Engine/Content/Functions/Engine_MaterialFunctions02/Utility/BreakOutFloat2Components.uasset" 75
"../../../Engine/Content/EngineMaterials/DefaultPostProcessMaterial.uasset" 76
"../../../Engine/Content/EngineFonts/RobotoDistanceField.uasset" 77
"../../../Engine/Content/EngineMaterials/DefaultTextMaterialOpaque.uasset" 78
"../../../Engine/Content/EngineMaterials/DefaultWhiteGrid.uasset" 79
"../../../Engine/Content/EngineMaterials/EditorBrushMaterial.uasset" 80
"../../../Engine/Content/EngineMaterials/Good64x64TilingNoiseHighFreq.uasset" 81
"../../../Engine/Content/EngineMaterials/MiniFont.uasset" 82
"../../../Engine/Content/EngineMaterials/InvalidLightmapSettings.uasset" 83
"../../../Engine/Content/EngineMaterials/M_InvalidLightmapSettings.uasset" 84
"../../../Engine/Content/EngineMaterials/PhAT_JointLimitMaterial.uasset" 85
"../../../Engine/Content/EngineMaterials/PreintegratedSkinBRDF.uasset" 86
"../../../Engine/Content/EngineMaterials/RemoveSurfaceMaterial.uasset" 87
"../../../Engine/Content/EngineMaterials/WeightMapPlaceholderTexture.uasset" 88
"../../../Engine/Content/EngineResources/WhiteSquareTexture.uasset" 89
"../../../Engine/Content/EngineMaterials/Widget3DPassThrough.uasset" 90
"../../../Engine/Content/EngineMaterials/Widget3DPassThrough_Masked.uasset" 91
"../../../Engine/Content/EngineMaterials/Widget3DPassThrough_Opaque.uasset" 92
"../../../Engine/Content/EngineMaterials/Widget3DPassThrough_Masked_OneSided.uasset" 93
"../../../Engine/Content/EngineMaterials/Widget3DPassThrough_Opaque_OneSided.uasset" 94
"../../../Engine/Content/EngineMaterials/Widget3DPassThrough_Translucent.uasset" 95
"../../../Engine/Content/EngineMaterials/Widget3DPassThrough_Translucent_OneSided.uasset" 96
"../../../Engine/Content/EngineMeshes/Cube.uasset" 97
"../../../Engine/Content/EngineMeshes/Cylinder.uasset" 98
"../../../Engine/Content/EngineMeshes/Sphere.uasset" 99
"../../../Engine/Content/EngineResources/Black.uasset" 100
"../../../Engine/Content/EngineResources/DefaultTexture.uasset" 101
"../../../Engine/Content/EngineResources/DefaultTextureCube.uasset" 102
"../../../Engine/Content/EngineResources/GradientTexture0.uasset" 103
"../../../Engine/Content/EngineSounds/Master.uasset" 104
"../../../Engine/Content/Functions/Engine_MaterialFunctions01/Shading/ConvertFromDiffSpec.uasset" 105
"../../../Engine/Content/Functions/Engine_MaterialFunctions01/Shading/PowerToRoughness.uasset" 106
"../../../Engine/Content/Maps/Templates/Thumbnails/Default.uasset" 107
"../../../Engine/Content/Maps/Templates/Thumbnails/VR-Basic.uasset" 108
"../../../Engine/Content/MobileResources/T_MobileControls_texture.uasset" 109
"../../../Engine/Content/MobileResources/T_MobileMenu2.uasset" 110
"../../../Engine/Content/MobileResources/HUD/AnalogHat.uasset" 111
"../../../Engine/Content/MobileResources/HUD/VirtualJoystick_Background.uasset" 112
"../../../Engine/Content/MobileResources/HUD/VirtualJoystick_Thumb.uasset" 113
"../../../Engine/Content/MobileResources/HUD/DefaultVirtualJoysticks.uasset" 114
"../../../Engine/Content/MobileResources/HUD/LeftVirtualJoystickOnly.uasset" 115
"../../../Engine/Content/MobileResources/HUD/MobileHUDButton1_off.uasset" 116
"../../../Engine/Content/MobileResources/HUD/MobileHUDButton1_on.uasset" 117
"../../../Engine/Content/MobileResources/HUD/MobileHUDButton2_off.uasset" 118
"../../../Engine/Content/MobileResources/HUD/MobileHUDButton2_on.uasset" 119
"../../../Engine/Content/MobileResources/HUD/MobileHUDButton3.uasset" 120
"../../../Engine/Content/MobileResources/HUD/MobileHUDButtonFire.uasset" 121
"../../../Engine/Content/MobileResources/HUD/MobileHUDDirectionPad.uasset" 122
"../../../Engine/Content/MobileResources/HUD/MobileHUDDirectionPad2.uasset" 123
"../../../Engine/Content/MobileResources/HUD/MobileHUDDirectionPad3.uasset" 124
"../../../Engine/Content/MobileResources/HUD/MobileHUDDirectionStick.uasset" 125
"../../../Engine/Content/MobileResources/HUD/T_Castle_ThumbstickInner.uasset" 126
"../../../Engine/Content/MobileResources/HUD/T_Castle_ThumbstickOutter.uasset" 127
"../../../Engine/Content/Tutorial/ContentIntroCurve.uasset" 128
"../../../Engine/Content/Tutorial/Basics/TutorialAssets/icon_tab_Levels_40x.uasset" 129
"../../../Engine/Content/Tutorial/BlueprintTutorials/TutorialAssets/BlueprintInterface_64x.uasset" 130
"../../../Engine/Content/Tutorial/BlueprintTutorials/TutorialAssets/BlueprintMacroLibrary_64x.uasset" 131
"../../../Engine/Content/Tutorial/BlueprintTutorials/TutorialAssets/Blueprint_64x.uasset" 132
"../../../Engine/Content/Tutorial/BlueprintTutorials/TutorialAssets/Tutorial_BP_Interface.uasset" 133
"../../../Engine/Content/Tutorial/Foliage/TutorialAssets/Foliage.uasset" 134
"../../../Engine/Content/Tutorial/Landscape/TutorialAssets/Landscape.uasset" 135
"../../../Engine/Content/Tutorial/Paper2D/TutorialAssets/Paper2DFlipbook_TutorialIcon.uasset" 136
"../../../Engine/Content/Tutorial/Paper2D/TutorialAssets/Paper2DSprite_TutorialIcon.uasset" 137
"../../../Engine/Content/Tutorial/SubEditors/TutorialAssets/icon_Editor_Preferences_General_40x.uasset" 138
"../../../Engine/Content/Tutorial/SubEditors/TutorialAssets/icon_ShowSkeletalMeshes_40x.uasset" 139
"../../../Engine/Content/Tutorial/SubEditors/TutorialAssets/TutorialMaterial.uasset" 140
"../../../Engine/Content/Tutorial/SubEditors/TutorialAssets/T_SmokeSubUV_8X8.uasset" 141
"../../../Engine/Content/Tutorial/SubEditors/TutorialAssets/T_soft_smoke.uasset" 142
"../../../Engine/Content/Tutorial/SubEditors/TutorialAssets/M_smoke_subUV_blackbody.uasset" 143
"../../../Engine/Content/Tutorial/SubEditors/TutorialAssets/TutorialParticleSystem.uasset" 144
"../../../Engine/Content/EditorMeshes/EditorCube.uasset" 145
"../../../Engine/Content/Tutorial/SubEditors/TutorialAssets/Tutorial_DM.uasset" 146
"../../../Engine/Content/VREditor/Devices/Generic/GenericHMDMaterial.uasset" 147
"../../../Engine/Content/VREditor/Devices/Generic/GenericHMD.uasset" 148
"../../../Engine/Content/VREditor/FloatingText/LineMaterial.uasset" 149
"../../../Engine/Content/VREditor/FloatingText/JointSphere.uasset" 150
"../../../Engine/Content/VREditor/FloatingText/LineSegmentCylinder.uasset" 151
"../../../Engine/Content/VREditor/Fonts/VRText_RobotoLarge.uasset" 152
"../../../Engine/Content/VREditor/Fonts/VRTextMaterial.uasset" 153
"../../../Engine/Content/VREditor/Fonts/TranslucentVRTextMaterial.uasset" 154
"../../../Engine/Content/VREditor/LaserPointer/VR_LaserPower_01.uasset" 155
"../../../Engine/Content/VREditor/LaserPointer/LaserPointerMaterial.uasset" 156
"../../../Engine/Content/VREditor/LaserPointer/LaserPointerMaterialInst.uasset" 157
"../../../Engine/Content/VREditor/LaserPointer/TranslucentLaserPointerMaterialInst.uasset" 158
"../../../Engine/Content/VREditor/LaserPointer/LaserPointerMesh.uasset" 159
"../../../Engine/Content/VREditor/Sounds/VR_grab_Cue.uasset" 160
"../../../Engine/Content/VREditor/Sounds/VR_teleport_Cue.uasset" 161
"../../../Engine/Content/VREditor/TransformGizmo/TransformGizmoMaterial.uasset" 162
"../../../Engine/Content/VREditor/TransformGizmo/TranslucentTransformGizmoMaterial.uasset" 163
"../../../Engine/Content/VREditor/TransformGizmo/BoundingBoxCorner.uasset" 164
"../../../Engine/Content/VREditor/TransformGizmo/BoundingBoxEdge.uasset" 165
"../../../Engine/Content/VREditor/TransformGizmo/PlaneTranslationHandle.uasset" 166
"../../../Engine/Content/VREditor/TransformGizmo/RotationHandle.uasset" 167
"../../../Engine/Content/VREditor/TransformGizmo/RotationHandleFull.uasset" 168
"../../../Engine/Content/VREditor/TransformGizmo/StretchingHandle.uasset" 169
"../../../Engine/Content/VREditor/TransformGizmo/TranslateHandleLong.uasset" 170
"../../../Engine/Content/VREditor/TransformGizmo/TranslationHandle.uasset" 171
"../../../Engine/Content/VREditor/TransformGizmo/UniformScaleHandle.uasset" 172
"../../../Engine/Content/VREditor/UI/CloseButtonMesh.uasset" 173
"../../../Engine/Content/VREditor/UI/SelectionBarMesh.uasset" 174
"../../../Engine/Content/Functions/Engine_MaterialFunctions01/Gradient/RadialGradient.uasset" 175
"../../../Engine/Content/VREditor/WorldMovementGrid/SimpleGrid.uasset" 176
"../../../Engine/Content/VREditor/WorldMovementGrid/GridMaterial.uasset" 177
"../../../Engine/Content/Functions/Engine_MaterialFunctions01/Density/ExponentialDensity.uasset" 178
"../../../Engine/Content/VREditor/WorldMovementGrid/GridPostProcess.uasset" 179
"../../../Engine/Content/EditorLandscapeResources/FlattenHeightMat.uasset" 180
"../../../Engine/Content/VREditor/WorldMovementGrid/PlaneMesh.uasset" 181
"../../../Engine/Plugins/2D/Paper2D/Content/DummySprite.uasset" 182
"../../../Engine/Plugins/2D/Paper2D/Content/DefaultPaperTerrainMaterial.uasset" 183
"../../../Engine/Plugins/2D/Paper2D/Content/DefaultSpriteMaterial.uasset" 184
"../../../Engine/Plugins/2D/Paper2D/Content/MaskedUnlitSpriteMaterial.uasset" 185
"../../../Engine/Plugins/2D/Paper2D/Content/OpaqueUnlitSpriteMaterial.uasset" 186
"../../../Engine/Plugins/2D/Paper2D/Content/PlaceholderTextures/DummySpriteTexture.uasset" 187
"../../../LostWeekend/Content/Audio/death.uasset" 188
"../../../LostWeekend/Content/Audio/death__2_.uasset" 189
"../../../LostWeekend/Content/Audio/squirrel.uasset" 190
"../../../LostWeekend/Content/Audio/squirrel_2_.uasset" 191
"../../../LostWeekend/Content/Audio/squirrel_3_.uasset" 192
"../../../LostWeekend/Content/Audio/squirrel_4_.uasset" 193
"../../../LostWeekend/Content/Textures/Esquilo/esquilo_v03_low_initialShadingGroup_BaseColor.uasset" 194
"../../../LostWeekend/Content/Textures/Esquilo/esquilo_v03_low_initialShadingGroup_Normal.uasset" 195
"../../../LostWeekend/Content/Textures/Esquilo/esquilo_v03_low_initialShadingGroup_OcclusionRoughnessMetallic.uasset" 196
"../../../LostWeekend/Content/Materials/M_Esquilo.uasset" 197
"../../../LostWeekend/Content/Meshes/Esquilo/esquilo_v04.uasset" 198
"../../../LostWeekend/Content/Blueprints/BP_Enemy.uasset" 199
"../../../LostWeekend/Content/Materials/BallColor.uasset" 200
"../../../Engine/Content/BasicShapes/Sphere.uasset" 201
"../../../LostWeekend/Content/Audio/trilhas/BD_raccon_gameplay.uasset" 202
"../../../LostWeekend/Content/Audio/trilhas/BD_raccon_sirene.uasset" 203
"../../../LostWeekend/Content/Blueprints/BP_Ball.uasset" 204
"../../../Engine/Content/EditorBlueprintResources/StandardMacros.uasset" 205
"../../../Engine/Content/EngineSky/C_Sky_Cloud_Color.uasset" 206
"../../../Engine/Content/EngineSky/C_Sky_Horizon_Color.uasset" 207
"../../../Engine/Content/EngineSky/C_Sky_Zenith_Color.uasset" 208
"../../../Engine/Content/EngineSky/T_Sky_Blue.uasset" 209
"../../../Engine/Content/EngineSky/T_Sky_Clouds_M.uasset" 210
"../../../Engine/Content/EngineSky/T_Sky_Stars.uasset" 211
"../../../Engine/Content/EngineSky/M_Sky_Panning_Clouds2.uasset" 212
"../../../Engine/Content/EngineSky/SM_SkySphere.uasset" 213
"../../../Engine/Content/EngineSky/BP_Sky_Sphere.uasset" 214
"../../../LostWeekend/Content/Blueprints/BP_CameraShake.uasset" 215
"../../../LostWeekend/Content/Materials/EnemyColor.uasset" 216
"../../../LostWeekend/Content/Blueprints/BP_Projectile.uasset" 217
"../../../LostWeekend/Content/Audio/gun_off_-_off_gun.uasset" 218
"../../../LostWeekend/Content/Audio/shot1.uasset" 219
"../../../LostWeekend/Content/Audio/shot2.uasset" 220
"../../../LostWeekend/Content/Interface/Fonts/DANCING_JUNGLE.uasset" 221
"../../../LostWeekend/Content/Interface/Fonts/DANCING_JUNGLE_Font.uasset" 222
"../../../LostWeekend/Content/Interface/Fonts/Fuente_Manerismo.uasset" 223
"../../../LostWeekend/Content/Interface/Fonts/Fuente_Manerismo_Font.uasset" 224
"../../../LostWeekend/Content/Interface/Fonts/observantDEMO.uasset" 225
"../../../LostWeekend/Content/Interface/Fonts/observantDEMO_Font.uasset" 226
"../../../LostWeekend/Content/Interface/back_ground_default.uasset" 227
"../../../LostWeekend/Content/Interface/box_default_rustic.uasset" 228
"../../../LostWeekend/Content/Interface/crosshair.uasset" 229
"../../../LostWeekend/Content/Interface/main_box.uasset" 230
"../../../LostWeekend/Content/Interface/pause_buttom.uasset" 231
"../../../LostWeekend/Content/Interface/re_center.uasset" 232
"../../../LostWeekend/Content/Interface/turete_2_stroke.uasset" 233
"../../../LostWeekend/Content/Blueprints/UMG/Widget_HUD.uasset" 234
"../../../LostWeekend/Content/Textures/Turret/turret_v01_DefaultMaterial_BaseColor.uasset" 235
"../../../LostWeekend/Content/Textures/Turret/turret_v01_DefaultMaterial_Normal.uasset" 236
"../../../LostWeekend/Content/Textures/Turret/turret_v01_DefaultMaterial_OcclusionRoughnessMetallic.uasset" 237
"../../../LostWeekend/Content/Materials/M_Turret.uasset" 238
"../../../LostWeekend/Content/Meshes/Turret/turret_v01.uasset" 239
"../../../LostWeekend/Content/Blueprints/BP_Player.uasset" 240
"../../../LostWeekend/Content/Blueprints/BP_endGame.uasset" 241
"../../../LostWeekend/Content/Blueprints/BP_LostWeekendGameMode.uasset" 242
"../../../LostWeekend/Content/Blueprints/BP_Spawner.uasset" 243
"../../../LostWeekend/Content/Maps/FeatureMaps/LevelMap_BuiltData.uasset" 244
"../../../LostWeekend/Content/Textures/Arvore/arvore.uasset" 245
"../../../LostWeekend/Content/Textures/Arvore/arvore_alpha.uasset" 246
"../../../LostWeekend/Content/Materials/M_arvore.uasset" 247
"../../../LostWeekend/Content/Textures/Cerca/cerca_pintada.uasset" 248
"../../../LostWeekend/Content/Textures/Cerca/cerca_pintada_NRM.uasset" 249
"../../../LostWeekend/Content/Textures/Cerca/cerca_pintada_SPEC.uasset" 250
"../../../LostWeekend/Content/Materials/M_cerca.uasset" 251
"../../../Engine/Content/EditorMaterials/Cascade/CASC_Cross.uasset" 252
"../../../Engine/Content/EditorMaterials/Cascade/CASC_None.uasset" 253
"../../../Engine/Content/Functions/Engine_MaterialFunctions03/Blends/Blend_Overlay.uasset" 254
"../../../LostWeekend/Content/Textures/Grama/TexturesCom_Grass0138_1_seamless_S_COLOR.uasset" 255
"../../../LostWeekend/Content/Textures/Grama/TexturesCom_Grass0138_1_seamless_S_DISP.uasset" 256
"../../../LostWeekend/Content/Textures/Grama/TexturesCom_Grass0138_1_seamless_S_NRM.uasset" 257
"../../../LostWeekend/Content/Materials/M_grama.uasset" 258
"../../../LostWeekend/Content/Meshes/plane.uasset" 259
"../../../LostWeekend/Content/Textures/Casa/house.uasset" 260
"../../../LostWeekend/Content/Materials/M_Casa.uasset" 261
"../../../LostWeekend/Content/Textures/Casa/chao_casa.uasset" 262
"../../../LostWeekend/Content/Materials/M_casa_teto.uasset" 263
"../../../LostWeekend/Content/Materials/M_chao_casa.uasset" 264
"../../../LostWeekend/Content/Textures/Casa/chao_casa_lado.uasset" 265
"../../../LostWeekend/Content/Materials/M_pilar_casa.uasset" 266
"../../../LostWeekend/Content/Meshes/Terreno/casa_v01.uasset" 267
"../../../LostWeekend/Content/Meshes/Terreno/cerca_v01.uasset" 268
"../../../LostWeekend/Content/Meshes/Terreno/floor_v01.uasset" 269
"../../../LostWeekend/Content/Maps/FeatureMaps/LevelMap.umap" 270
"../../../Engine/Content/Maps/Entry.umap" 271
